stress-ng: info:  [5222] setting to a 1 min, 0 secs run per stressor
stress-ng: info:  [5222] dispatching hogs: 5 cpu
stress-ng: info:  [5222] skipped: 0
stress-ng: info:  [5222] passed: 5: cpu (5)
stress-ng: info:  [5222] failed: 0
stress-ng: info:  [5222] metrics untrustworthy: 0
stress-ng: info:  [5222] successful run completed in 1.32 secs
stress-ng: info:  [7155] setting to a 1 min, 0 secs run per stressor
stress-ng: info:  [7155] dispatching hogs: 5 cpu
stress-ng: info:  [7155] skipped: 0
stress-ng: info:  [7155] passed: 5: cpu (5)
stress-ng: info:  [7155] failed: 0
stress-ng: info:  [7155] metrics untrustworthy: 0
stress-ng: info:  [7155] successful run completed in 1.32 secs
stress-ng: info:  [9053] setting to a 1 min, 0 secs run per stressor
stress-ng: info:  [9053] dispatching hogs: 5 cpu
stress-ng: info:  [9053] skipped: 0
stress-ng: info:  [9053] passed: 5: cpu (5)
stress-ng: info:  [9053] failed: 0
stress-ng: info:  [9053] metrics untrustworthy: 0
stress-ng: info:  [9053] successful run completed in 1.33 secs
stress-ng: info:  [10995] setting to a 1 min, 0 secs run per stressor
stress-ng: info:  [10995] dispatching hogs: 5 cpu
stress-ng: info:  [10995] skipped: 0
stress-ng: info:  [10995] passed: 5: cpu (5)
stress-ng: info:  [10995] failed: 0
stress-ng: info:  [10995] metrics untrustworthy: 0
stress-ng: info:  [10995] successful run completed in 1.32 secs
stress-ng: info:  [12933] setting to a 1 min, 0 secs run per stressor
stress-ng: info:  [12933] dispatching hogs: 5 cpu
stress-ng: info:  [12933] skipped: 0
stress-ng: info:  [12933] passed: 5: cpu (5)
stress-ng: info:  [12933] failed: 0
stress-ng: info:  [12933] metrics untrustworthy: 0
stress-ng: info:  [12933] successful run completed in 1.32 secs
